<?xml version="1.0" encoding="UTF-8"?>
<!-- Generated by org.testng.reporters.JUnitXMLReporter -->
<testsuite hostname="TERM02" failures="0" tests="2" name="Test on Chrome" time="46.824" errors="0" timestamp="1 Mar 2022 01:42:45 GMT">
  <testcase classname="com.prima.casos.PROY1822ESC001" name="Cuenta_Metas_Residencia_Fiscal_Otros_Paises" time="16.317"/>
  <testcase classname="com.prima.casos.PROY1822ESC001" name="Cuenta_Metas_Residencia_Fiscal_Peru" time="26.254"/>
</testsuite> <!-- Test on Chrome -->
