<?xml version="1.0" encoding="UTF-8"?>
<testng-results total="2" passed="2" failed="0" skipped="0">
  <reporter-output>
  </reporter-output>
  <suite started-at="2022-03-01T01:41:58Z" name="SuiteNil" finished-at="2022-03-01T01:42:45Z" duration-ms="46824">
    <groups>
    </groups>
    <test started-at="2022-03-01T01:41:58Z" name="Test on Chrome" finished-at="2022-03-01T01:42:45Z" duration-ms="46824">
      <class name="com.prima.casos.PROY1822ESC001">
        <test-method is-config="true" signature="beforeClass(java.lang.String, java.lang.String)[pri:0, instance:com.prima.casos.PROY1822ESC001@518caac3]" started-at="2022-02-28T20:41:58Z" name="beforeClass" finished-at="2022-02-28T20:41:58Z" duration-ms="14" status="PASS">
          <params>
            <param index="0">
              <value>
                <![CDATA[https://webtran-apv-desa.azureedge.net/login]]>
              </value>
            </param>
            <param index="1">
              <value>
                <![CDATA[chrome]]>
              </value>
            </param>
          </params>
          <reporter-output>
          </reporter-output>
        </test-method> <!-- beforeClass -->
        <test-method is-config="true" signature="beforeMethod()[pri:0, instance:com.prima.casos.PROY1822ESC001@518caac3]" started-at="2022-02-28T20:41:58Z" name="beforeMethod" finished-at="2022-02-28T20:42:01Z" duration-ms="2471" status="PASS">
          <reporter-output>
          </reporter-output>
        </test-method> <!-- beforeMethod -->
        <test-method signature="Cuenta_Metas_Residencia_Fiscal_Otros_Paises()[pri:0, instance:com.prima.casos.PROY1822ESC001@518caac3]" started-at="2022-02-28T20:42:01Z" name="Cuenta_Metas_Residencia_Fiscal_Otros_Paises" finished-at="2022-02-28T20:42:17Z" duration-ms="16317" status="PASS">
          <reporter-output>
          </reporter-output>
        </test-method> <!-- Cuenta_Metas_Residencia_Fiscal_Otros_Paises -->
        <test-method is-config="true" signature="afterMethod()[pri:0, instance:com.prima.casos.PROY1822ESC001@518caac3]" started-at="2022-02-28T20:42:17Z" name="afterMethod" finished-at="2022-02-28T20:42:17Z" duration-ms="0" status="PASS">
          <reporter-output>
          </reporter-output>
        </test-method> <!-- afterMethod -->
        <test-method is-config="true" signature="beforeMethod()[pri:0, instance:com.prima.casos.PROY1822ESC001@518caac3]" started-at="2022-02-28T20:42:17Z" name="beforeMethod" finished-at="2022-02-28T20:42:19Z" duration-ms="1748" status="PASS">
          <reporter-output>
          </reporter-output>
        </test-method> <!-- beforeMethod -->
        <test-method signature="Cuenta_Metas_Residencia_Fiscal_Peru()[pri:0, instance:com.prima.casos.PROY1822ESC001@518caac3]" started-at="2022-02-28T20:42:19Z" name="Cuenta_Metas_Residencia_Fiscal_Peru" finished-at="2022-02-28T20:42:45Z" duration-ms="26254" status="PASS">
          <reporter-output>
          </reporter-output>
        </test-method> <!-- Cuenta_Metas_Residencia_Fiscal_Peru -->
        <test-method is-config="true" signature="afterMethod()[pri:0, instance:com.prima.casos.PROY1822ESC001@518caac3]" started-at="2022-02-28T20:42:45Z" name="afterMethod" finished-at="2022-02-28T20:42:45Z" duration-ms="0" status="PASS">
          <reporter-output>
          </reporter-output>
        </test-method> <!-- afterMethod -->
        <test-method is-config="true" signature="afterClass()[pri:0, instance:com.prima.casos.PROY1822ESC001@518caac3]" started-at="2022-02-28T20:42:45Z" name="afterClass" finished-at="2022-02-28T20:42:45Z" duration-ms="0" status="PASS">
          <reporter-output>
          </reporter-output>
        </test-method> <!-- afterClass -->
      </class> <!-- com.prima.casos.PROY1822ESC001 -->
    </test> <!-- Test on Chrome -->
  </suite> <!-- SuiteNil -->
</testng-results>
